{"K:\\project\\task_csv-parser\\main.test.js":{"path":"K:\\project\\task_csv-parser\\main.test.js","s":{"1":1,"2":1,"3":1,"4":0,"5":0,"6":0,"7":0,"8":0,"9":0,"10":0,"11":0,"12":0,"13":0,"14":0,"15":0,"16":0,"17":0,"18":0,"19":0,"20":0,"21":0,"22":0,"23":0,"24":0,"25":0,"26":0,"27":0,"28":0,"29":0,"30":0,"31":0,"32":0,"33":0,"34":0,"35":0,"36":0,"37":0,"38":0,"39":0,"40":0,"41":0,"42":0,"43":0,"44":0,"45":0,"46":0,"47":0,"48":0,"49":0,"50":0,"51":0,"52":0,"53":0,"54":0,"55":0},"b":{},"f":{},"fnMap":{},"statementMap":{"1":{"start":{"line":1,"column":0},"end":{"line":1,"column":31}},"2":{"start":{"line":2,"column":0},"end":{"line":2,"column":38}},"3":{"start":{"line":4,"column":0},"end":{"line":55,"column":3}},"4":{"start":{"line":5,"column":2},"end":{"line":54,"column":5}},"5":{"start":{"line":6,"column":4},"end":{"line":24,"column":10}},"6":{"start":{"line":25,"column":4},"end":{"line":34,"column":9}},"7":{"start":{"line":35,"column":4},"end":{"line":44,"column":9}},"8":{"start":{"line":46,"column":4},"end":{"line":48,"column":5}},"9":{"start":{"line":47,"column":6},"end":{"line":47,"column":68}},"10":{"start":{"line":50,"column":4},"end":{"line":52,"column":5}},"11":{"start":{"line":51,"column":6},"end":{"line":51,"column":64}},"12":{"start":{"line":53,"column":4},"end":{"line":53,"column":19}},"13":{"start":{"line":57,"column":0},"end":{"line":65,"column":3}},"14":{"start":{"line":58,"column":2},"end":{"line":60,"column":5}},"15":{"start":{"line":59,"column":4},"end":{"line":59,"column":55}},"16":{"start":{"line":61,"column":2},"end":{"line":64,"column":5}},"17":{"start":{"line":62,"column":4},"end":{"line":62,"column":55}},"18":{"start":{"line":63,"column":4},"end":{"line":63,"column":57}},"19":{"start":{"line":67,"column":0},"end":{"line":74,"column":3}},"20":{"start":{"line":68,"column":2},"end":{"line":73,"column":5}},"21":{"start":{"line":69,"column":4},"end":{"line":69,"column":47}},"22":{"start":{"line":70,"column":4},"end":{"line":70,"column":57}},"23":{"start":{"line":71,"column":4},"end":{"line":71,"column":60}},"24":{"start":{"line":72,"column":4},"end":{"line":72,"column":55}},"25":{"start":{"line":76,"column":0},"end":{"line":83,"column":3}},"26":{"start":{"line":77,"column":2},"end":{"line":82,"column":5}},"27":{"start":{"line":78,"column":4},"end":{"line":78,"column":69}},"28":{"start":{"line":79,"column":4},"end":{"line":79,"column":66}},"29":{"start":{"line":80,"column":4},"end":{"line":80,"column":65}},"30":{"start":{"line":81,"column":4},"end":{"line":81,"column":64}},"31":{"start":{"line":85,"column":0},"end":{"line":93,"column":3}},"32":{"start":{"line":86,"column":2},"end":{"line":92,"column":5}},"33":{"start":{"line":87,"column":4},"end":{"line":87,"column":70}},"34":{"start":{"line":88,"column":4},"end":{"line":88,"column":67}},"35":{"start":{"line":89,"column":4},"end":{"line":89,"column":78}},"36":{"start":{"line":90,"column":4},"end":{"line":90,"column":70}},"37":{"start":{"line":91,"column":4},"end":{"line":91,"column":68}},"38":{"start":{"line":95,"column":0},"end":{"line":108,"column":3}},"39":{"start":{"line":96,"column":2},"end":{"line":107,"column":5}},"40":{"start":{"line":97,"column":4},"end":{"line":97,"column":63}},"41":{"start":{"line":98,"column":4},"end":{"line":98,"column":63}},"42":{"start":{"line":99,"column":4},"end":{"line":99,"column":63}},"43":{"start":{"line":100,"column":4},"end":{"line":100,"column":63}},"44":{"start":{"line":101,"column":4},"end":{"line":101,"column":63}},"45":{"start":{"line":102,"column":4},"end":{"line":102,"column":63}},"46":{"start":{"line":103,"column":4},"end":{"line":103,"column":58}},"47":{"start":{"line":104,"column":4},"end":{"line":104,"column":65}},"48":{"start":{"line":110,"column":0},"end":{"line":120,"column":3}},"49":{"start":{"line":111,"column":2},"end":{"line":114,"column":5}},"50":{"start":{"line":112,"column":4},"end":{"line":112,"column":58}},"51":{"start":{"line":113,"column":4},"end":{"line":113,"column":58}},"52":{"start":{"line":115,"column":2},"end":{"line":119,"column":5}},"53":{"start":{"line":116,"column":4},"end":{"line":116,"column":55}},"54":{"start":{"line":117,"column":4},"end":{"line":117,"column":56}},"55":{"start":{"line":118,"column":4},"end":{"line":118,"column":58}}},"branchMap":{}},"K:\\project\\task_csv-parser\\main.js":{"path":"K:\\project\\task_csv-parser\\main.js","s":{"1":1,"2":1,"3":1,"4":1,"5":1,"6":1,"7":1,"8":1,"9":1,"10":1,"11":1,"12":1,"13":1,"14":0,"15":1,"16":0,"17":1,"18":0,"19":0,"20":0,"21":0,"22":0,"23":0,"24":0,"25":1,"26":0,"27":0,"28":0,"29":0,"30":0,"31":0,"32":0,"33":0,"34":0,"35":0,"36":0,"37":0,"38":0,"39":1,"40":1,"41":0,"42":0,"43":0,"44":1,"45":1,"46":0,"47":0,"48":0,"49":1,"50":1,"51":0,"52":0,"53":0,"54":1,"55":1,"56":0,"57":0,"58":0,"59":1,"60":1,"61":0,"62":0,"63":0,"64":1,"65":1,"66":0,"67":0,"68":0,"69":0,"70":0,"71":0,"72":0,"73":0,"74":0,"75":1},"b":{"1":[0,0],"2":[0,0],"3":[0,0,0,0,0,0,0],"4":[0,0],"5":[0,0],"6":[0,0],"7":[0,0],"8":[0,0],"9":[0,0],"10":[0,0],"11":[0,0],"12":[0,0],"13":[0,0],"14":[0,0]},"f":{"1":0,"2":0,"3":0,"4":0,"5":0,"6":0,"7":0,"8":0,"9":0,"10":0,"11":0,"12":0,"13":0,"14":0,"15":0},"fnMap":{"1":{"name":"(anonymous_1)","line":21,"loc":{"start":{"line":21,"column":10},"end":{"line":21,"column":29}}},"2":{"name":"sendToCsv","line":24,"loc":{"start":{"line":24,"column":0},"end":{"line":24,"column":34}}},"3":{"name":"(anonymous_3)","line":26,"loc":{"start":{"line":26,"column":14},"end":{"line":26,"column":26}}},"4":{"name":"(anonymous_4)","line":27,"loc":{"start":{"line":27,"column":15},"end":{"line":27,"column":32}}},"5":{"name":"sendToMysql","line":29,"loc":{"start":{"line":29,"column":0},"end":{"line":29,"column":34}}},"6":{"name":"(anonymous_6)","line":33,"loc":{"start":{"line":33,"column":24},"end":{"line":33,"column":38}}},"7":{"name":"(anonymous_7)","line":34,"loc":{"start":{"line":34,"column":48},"end":{"line":34,"column":71}}},"8":{"name":"csvParser","line":42,"loc":{"start":{"line":42,"column":0},"end":{"line":42,"column":28}}},"9":{"name":"(anonymous_9)","line":43,"loc":{"start":{"line":43,"column":20},"end":{"line":43,"column":34}}},"10":{"name":"String","line":62,"loc":{"start":{"line":62,"column":0},"end":{"line":62,"column":21}}},"11":{"name":"StringToNumber","line":71,"loc":{"start":{"line":71,"column":0},"end":{"line":71,"column":32}}},"12":{"name":"ValidMail","line":80,"loc":{"start":{"line":80,"column":0},"end":{"line":80,"column":25}}},"13":{"name":"Phone","line":89,"loc":{"start":{"line":89,"column":0},"end":{"line":89,"column":29}}},"14":{"name":"StringToDate","line":98,"loc":{"start":{"line":98,"column":0},"end":{"line":98,"column":28}}},"15":{"name":"StringToTime","line":107,"loc":{"start":{"line":107,"column":0},"end":{"line":107,"column":28}}}},"statementMap":{"1":{"start":{"line":2,"column":0},"end":{"line":2,"column":62}},"2":{"start":{"line":3,"column":0},"end":{"line":3,"column":31}},"3":{"start":{"line":4,"column":0},"end":{"line":4,"column":39}},"4":{"start":{"line":5,"column":0},"end":{"line":5,"column":29}},"5":{"start":{"line":6,"column":0},"end":{"line":6,"column":31}},"6":{"start":{"line":7,"column":0},"end":{"line":7,"column":29}},"7":{"start":{"line":8,"column":0},"end":{"line":8,"column":23}},"8":{"start":{"line":9,"column":0},"end":{"line":9,"column":37}},"9":{"start":{"line":10,"column":0},"end":{"line":10,"column":21}},"10":{"start":{"line":11,"column":0},"end":{"line":11,"column":33}},"11":{"start":{"line":12,"column":0},"end":{"line":17,"column":3}},"12":{"start":{"line":18,"column":0},"end":{"line":18,"column":18}},"13":{"start":{"line":19,"column":0},"end":{"line":23,"column":3}},"14":{"start":{"line":22,"column":4},"end":{"line":22,"column":23}},"15":{"start":{"line":24,"column":0},"end":{"line":28,"column":1}},"16":{"start":{"line":25,"column":4},"end":{"line":27,"column":37}},"17":{"start":{"line":29,"column":0},"end":{"line":41,"column":1}},"18":{"start":{"line":30,"column":4},"end":{"line":32,"column":117}},"19":{"start":{"line":33,"column":4},"end":{"line":39,"column":7}},"20":{"start":{"line":34,"column":8},"end":{"line":38,"column":11}},"21":{"start":{"line":35,"column":12},"end":{"line":36,"column":26}},"22":{"start":{"line":36,"column":16},"end":{"line":36,"column":26}},"23":{"start":{"line":37,"column":12},"end":{"line":37,"column":43}},"24":{"start":{"line":40,"column":4},"end":{"line":40,"column":14}},"25":{"start":{"line":42,"column":0},"end":{"line":60,"column":1}},"26":{"start":{"line":43,"column":4},"end":{"line":57,"column":7}},"27":{"start":{"line":44,"column":8},"end":{"line":44,"column":34}},"28":{"start":{"line":45,"column":8},"end":{"line":45,"column":40}},"29":{"start":{"line":46,"column":8},"end":{"line":46,"column":40}},"30":{"start":{"line":47,"column":8},"end":{"line":47,"column":37}},"31":{"start":{"line":48,"column":8},"end":{"line":48,"column":35}},"32":{"start":{"line":49,"column":8},"end":{"line":49,"column":40}},"33":{"start":{"line":50,"column":8},"end":{"line":50,"column":40}},"34":{"start":{"line":51,"column":8},"end":{"line":56,"column":9}},"35":{"start":{"line":52,"column":12},"end":{"line":52,"column":35}},"36":{"start":{"line":55,"column":12},"end":{"line":55,"column":33}},"37":{"start":{"line":58,"column":4},"end":{"line":58,"column":29}},"38":{"start":{"line":59,"column":4},"end":{"line":59,"column":29}},"39":{"start":{"line":61,"column":0},"end":{"line":61,"column":30}},"40":{"start":{"line":62,"column":0},"end":{"line":69,"column":1}},"41":{"start":{"line":63,"column":4},"end":{"line":68,"column":5}},"42":{"start":{"line":64,"column":8},"end":{"line":64,"column":19}},"43":{"start":{"line":67,"column":8},"end":{"line":67,"column":23}},"44":{"start":{"line":70,"column":0},"end":{"line":70,"column":31}},"45":{"start":{"line":71,"column":0},"end":{"line":78,"column":1}},"46":{"start":{"line":72,"column":4},"end":{"line":77,"column":5}},"47":{"start":{"line":73,"column":8},"end":{"line":73,"column":22}},"48":{"start":{"line":76,"column":8},"end":{"line":76,"column":27}},"49":{"start":{"line":79,"column":0},"end":{"line":79,"column":39}},"50":{"start":{"line":80,"column":0},"end":{"line":87,"column":1}},"51":{"start":{"line":81,"column":4},"end":{"line":86,"column":5}},"52":{"start":{"line":82,"column":8},"end":{"line":82,"column":20}},"53":{"start":{"line":85,"column":8},"end":{"line":85,"column":29}},"54":{"start":{"line":88,"column":0},"end":{"line":88,"column":32}},"55":{"start":{"line":89,"column":0},"end":{"line":96,"column":1}},"56":{"start":{"line":90,"column":4},"end":{"line":95,"column":5}},"57":{"start":{"line":91,"column":8},"end":{"line":91,"column":38}},"58":{"start":{"line":94,"column":8},"end":{"line":94,"column":29}},"59":{"start":{"line":97,"column":0},"end":{"line":97,"column":29}},"60":{"start":{"line":98,"column":0},"end":{"line":105,"column":1}},"61":{"start":{"line":99,"column":4},"end":{"line":104,"column":5}},"62":{"start":{"line":100,"column":8},"end":{"line":100,"column":93}},"63":{"start":{"line":103,"column":8},"end":{"line":103,"column":28}},"64":{"start":{"line":106,"column":0},"end":{"line":106,"column":35}},"65":{"start":{"line":107,"column":0},"end":{"line":126,"column":1}},"66":{"start":{"line":108,"column":4},"end":{"line":125,"column":5}},"67":{"start":{"line":109,"column":8},"end":{"line":115,"column":9}},"68":{"start":{"line":110,"column":12},"end":{"line":110,"column":64}},"69":{"start":{"line":111,"column":12},"end":{"line":111,"column":24}},"70":{"start":{"line":114,"column":12},"end":{"line":114,"column":32}},"71":{"start":{"line":118,"column":8},"end":{"line":124,"column":9}},"72":{"start":{"line":119,"column":12},"end":{"line":119,"column":62}},"73":{"start":{"line":120,"column":12},"end":{"line":120,"column":24}},"74":{"start":{"line":123,"column":12},"end":{"line":123,"column":32}},"75":{"start":{"line":127,"column":0},"end":{"line":127,"column":35}}},"branchMap":{"1":{"line":35,"type":"if","locations":[{"start":{"line":35,"column":12},"end":{"line":35,"column":12}},{"start":{"line":35,"column":12},"end":{"line":35,"column":12}}]},"2":{"line":51,"type":"if","locations":[{"start":{"line":51,"column":8},"end":{"line":51,"column":8}},{"start":{"line":51,"column":8},"end":{"line":51,"column":8}}]},"3":{"line":51,"type":"binary-expr","locations":[{"start":{"line":51,"column":12},"end":{"line":51,"column":30}},{"start":{"line":51,"column":34},"end":{"line":51,"column":55}},{"start":{"line":51,"column":59},"end":{"line":51,"column":80}},{"start":{"line":51,"column":84},"end":{"line":51,"column":107}},{"start":{"line":51,"column":111},"end":{"line":51,"column":134}},{"start":{"line":51,"column":138},"end":{"line":51,"column":162}},{"start":{"line":51,"column":166},"end":{"line":51,"column":191}}]},"4":{"line":63,"type":"if","locations":[{"start":{"line":63,"column":4},"end":{"line":63,"column":4}},{"start":{"line":63,"column":4},"end":{"line":63,"column":4}}]},"5":{"line":63,"type":"binary-expr","locations":[{"start":{"line":63,"column":8},"end":{"line":63,"column":29}},{"start":{"line":63,"column":33},"end":{"line":63,"column":52}}]},"6":{"line":72,"type":"if","locations":[{"start":{"line":72,"column":4},"end":{"line":72,"column":4}},{"start":{"line":72,"column":4},"end":{"line":72,"column":4}}]},"7":{"line":72,"type":"binary-expr","locations":[{"start":{"line":72,"column":8},"end":{"line":72,"column":22}},{"start":{"line":72,"column":26},"end":{"line":72,"column":39}}]},"8":{"line":81,"type":"if","locations":[{"start":{"line":81,"column":4},"end":{"line":81,"column":4}},{"start":{"line":81,"column":4},"end":{"line":81,"column":4}}]},"9":{"line":90,"type":"if","locations":[{"start":{"line":90,"column":4},"end":{"line":90,"column":4}},{"start":{"line":90,"column":4},"end":{"line":90,"column":4}}]},"10":{"line":99,"type":"if","locations":[{"start":{"line":99,"column":4},"end":{"line":99,"column":4}},{"start":{"line":99,"column":4},"end":{"line":99,"column":4}}]},"11":{"line":108,"type":"if","locations":[{"start":{"line":108,"column":4},"end":{"line":108,"column":4}},{"start":{"line":108,"column":4},"end":{"line":108,"column":4}}]},"12":{"line":108,"type":"binary-expr","locations":[{"start":{"line":108,"column":8},"end":{"line":108,"column":31}},{"start":{"line":108,"column":35},"end":{"line":108,"column":58}}]},"13":{"line":109,"type":"if","locations":[{"start":{"line":109,"column":8},"end":{"line":109,"column":8}},{"start":{"line":109,"column":8},"end":{"line":109,"column":8}}]},"14":{"line":118,"type":"if","locations":[{"start":{"line":118,"column":8},"end":{"line":118,"column":8}},{"start":{"line":118,"column":8},"end":{"line":118,"column":8}}]}}}}