TN:
SF:K:\project\task_csv-parser\main.test.js
FNF:0
FNH:0
DA:1,1
DA:2,1
DA:4,1
DA:5,0
DA:6,0
DA:25,0
DA:35,0
DA:46,0
DA:47,0
DA:50,0
DA:51,0
DA:53,0
DA:57,0
DA:58,0
DA:59,0
DA:61,0
DA:62,0
DA:63,0
DA:67,0
DA:68,0
DA:69,0
DA:70,0
DA:71,0
DA:72,0
DA:76,0
DA:77,0
DA:78,0
DA:79,0
DA:80,0
DA:81,0
DA:85,0
DA:86,0
DA:87,0
DA:88,0
DA:89,0
DA:90,0
DA:91,0
DA:95,0
DA:96,0
DA:97,0
DA:98,0
DA:99,0
DA:100,0
DA:101,0
DA:102,0
DA:103,0
DA:104,0
DA:110,0
DA:111,0
DA:112,0
DA:113,0
DA:115,0
DA:116,0
DA:117,0
DA:118,0
LF:55
LH:3
BRF:0
BRH:0
end_of_record
TN:
SF:K:\project\task_csv-parser\main.js
FN:21,(anonymous_1)
FN:24,sendToCsv
FN:26,(anonymous_3)
FN:27,(anonymous_4)
FN:29,sendToMysql
FN:33,(anonymous_6)
FN:34,(anonymous_7)
FN:42,csvParser
FN:43,(anonymous_9)
FN:62,String
FN:71,StringToNumber
FN:80,ValidMail
FN:89,Phone
FN:98,StringToDate
FN:107,StringToTime
FNF:15
FNH:0
FNDA:0,(anonymous_1)
FNDA:0,sendToCsv
FNDA:0,(anonymous_3)
FNDA:0,(anonymous_4)
FNDA:0,sendToMysql
FNDA:0,(anonymous_6)
FNDA:0,(anonymous_7)
FNDA:0,csvParser
FNDA:0,(anonymous_9)
FNDA:0,String
FNDA:0,StringToNumber
FNDA:0,ValidMail
FNDA:0,Phone
FNDA:0,StringToDate
FNDA:0,StringToTime
DA:2,1
DA:3,1
DA:4,1
DA:5,1
DA:6,1
DA:7,1
DA:8,1
DA:9,1
DA:10,1
DA:11,1
DA:12,1
DA:18,1
DA:19,1
DA:22,0
DA:24,1
DA:25,0
DA:29,1
DA:30,0
DA:33,0
DA:34,0
DA:35,0
DA:36,0
DA:37,0
DA:40,0
DA:42,1
DA:43,0
DA:44,0
DA:45,0
DA:46,0
DA:47,0
DA:48,0
DA:49,0
DA:50,0
DA:51,0
DA:52,0
DA:55,0
DA:58,0
DA:59,0
DA:61,1
DA:62,1
DA:63,0
DA:64,0
DA:67,0
DA:70,1
DA:71,1
DA:72,0
DA:73,0
DA:76,0
DA:79,1
DA:80,1
DA:81,0
DA:82,0
DA:85,0
DA:88,1
DA:89,1
DA:90,0
DA:91,0
DA:94,0
DA:97,1
DA:98,1
DA:99,0
DA:100,0
DA:103,0
DA:106,1
DA:107,1
DA:108,0
DA:109,0
DA:110,0
DA:111,0
DA:114,0
DA:118,0
DA:119,0
DA:120,0
DA:123,0
DA:127,1
LF:75
LH:29
BRDA:35,1,0,0
BRDA:35,1,1,0
BRDA:51,2,0,0
BRDA:51,2,1,0
BRDA:51,3,0,0
BRDA:51,3,1,0
BRDA:51,3,2,0
BRDA:51,3,3,0
BRDA:51,3,4,0
BRDA:51,3,5,0
BRDA:51,3,6,0
BRDA:63,4,0,0
BRDA:63,4,1,0
BRDA:63,5,0,0
BRDA:63,5,1,0
BRDA:72,6,0,0
BRDA:72,6,1,0
BRDA:72,7,0,0
BRDA:72,7,1,0
BRDA:81,8,0,0
BRDA:81,8,1,0
BRDA:90,9,0,0
BRDA:90,9,1,0
BRDA:99,10,0,0
BRDA:99,10,1,0
BRDA:108,11,0,0
BRDA:108,11,1,0
BRDA:108,12,0,0
BRDA:108,12,1,0
BRDA:109,13,0,0
BRDA:109,13,1,0
BRDA:118,14,0,0
BRDA:118,14,1,0
BRF:33
BRH:0
end_of_record
